2023-07-22T13:31:47.334+0800	INFO	middlewares/middleware.go:31	/favicon.ico	{"status": 404, "method": "GET", "path": "/favicon.ico", "query": "", "ip": "127.0.0.1", "user-agent": "Mozilla/5.0 (Macintosh; Intel Mac OS X 10_15_7) AppleWebKit/537.36 (KHTML, like Gecko) Chrome/114.0.0.0 Safari/537.36", "errors": "", "cost": "37.625µs"}
2023-07-22T13:34:35.107+0800	INFO	middlewares/middleware.go:31	/v1/auth/login	{"status": 401, "method": "POST", "path": "/v1/auth/login", "query": "", "ip": "127.0.0.1", "user-agent": "Mozilla/5.0 (Macintosh; Intel Mac OS X 10_15_7) AppleWebKit/537.36 (KHTML, like Gecko) Chrome/114.0.0.0 Safari/537.36", "errors": "", "cost": "34.15025ms"}
2023-07-22T14:01:12.644+0800	INFO	controller/auth.go:30	login error: 	{"error": "EOF"}
2023-07-22T14:01:12.645+0800	INFO	middlewares/middleware.go:31	/v1/auth/login	{"status": 401, "method": "POST", "path": "/v1/auth/login", "query": "", "ip": "127.0.0.1", "user-agent": "PostmanRuntime-ApipostRuntime/1.1.0", "errors": "", "cost": "557.833µs"}
2023-07-22T14:06:53.766+0800	INFO	dao/user.go:130	基础管理员用户添加成功
2023-07-22T14:10:38.375+0800	INFO	dao/user.go:40	用户添加成功
2023-07-22T14:10:38.376+0800	INFO	controller/user.go:195	添加成功
2023-07-22T14:11:17.378+0800	INFO	middlewares/middleware.go:31	/v1/auth/login	{"status": 401, "method": "POST", "path": "/v1/auth/login", "query": "", "ip": "127.0.0.1", "user-agent": "Mozilla/5.0 (Macintosh; Intel Mac OS X 10_15_7) AppleWebKit/537.36 (KHTML, like Gecko) Chrome/114.0.0.0 Safari/537.36", "errors": "", "cost": "28.765458ms"}
2023-07-22T14:12:01.813+0800	INFO	middlewares/middleware.go:31	/v1/auth/login	{"status": 401, "method": "POST", "path": "/v1/auth/login", "query": "", "ip": "127.0.0.1", "user-agent": "Mozilla/5.0 (Macintosh; Intel Mac OS X 10_15_7) AppleWebKit/537.36 (KHTML, like Gecko) Chrome/114.0.0.0 Safari/537.36", "errors": "", "cost": "23.714666ms"}
2023-07-22T14:13:21.468+0800	INFO	middlewares/middleware.go:31	/v1/auth/login	{"status": 401, "method": "POST", "path": "/v1/auth/login", "query": "", "ip": "127.0.0.1", "user-agent": "PostmanRuntime-ApipostRuntime/1.1.0", "errors": "", "cost": "32.955166ms"}
2023-07-22T14:14:02.342+0800	INFO	middlewares/middleware.go:31	/v1/auth/login	{"status": 404, "method": "GET", "path": "/v1/auth/login", "query": "", "ip": "127.0.0.1", "user-agent": "PostmanRuntime-ApipostRuntime/1.1.0", "errors": "", "cost": "53.333µs"}
2023-07-22T14:14:06.811+0800	INFO	middlewares/middleware.go:31	/v1/auth/login	{"status": 401, "method": "POST", "path": "/v1/auth/login", "query": "", "ip": "127.0.0.1", "user-agent": "PostmanRuntime-ApipostRuntime/1.1.0", "errors": "", "cost": "42.317542ms"}
2023-07-22T14:18:12.381+0800	INFO	dao/user.go:32	用户已存在
2023-07-22T14:18:12.381+0800	INFO	controller/user.go:195	用户已存在
2023-07-22T14:18:32.115+0800	INFO	middlewares/middleware.go:31	/v1/auth/login	{"status": 401, "method": "POST", "path": "/v1/auth/login", "query": "", "ip": "127.0.0.1", "user-agent": "PostmanRuntime-ApipostRuntime/1.1.0", "errors": "", "cost": "78.089125ms"}
2023-07-22T14:18:33.058+0800	INFO	middlewares/middleware.go:31	/v1/auth/login	{"status": 401, "method": "POST", "path": "/v1/auth/login", "query": "", "ip": "127.0.0.1", "user-agent": "PostmanRuntime-ApipostRuntime/1.1.0", "errors": "", "cost": "31.977042ms"}
2023-07-22T14:22:13.023+0800	INFO	controller/auth.go:30	login error: 	{"error": "EOF"}
2023-07-22T14:22:13.023+0800	INFO	middlewares/middleware.go:31	/v1/auth/login	{"status": 401, "method": "POST", "path": "/v1/auth/login", "query": "", "ip": "127.0.0.1", "user-agent": "PostmanRuntime-ApipostRuntime/1.1.0", "errors": "", "cost": "980.209µs"}
2023-07-22T14:22:16.882+0800	INFO	middlewares/middleware.go:31	/v1/auth/login	{"status": 401, "method": "POST", "path": "/v1/auth/login", "query": "", "ip": "127.0.0.1", "user-agent": "PostmanRuntime-ApipostRuntime/1.1.0", "errors": "", "cost": "24.68075ms"}
2023-07-22T14:22:22.834+0800	INFO	middlewares/middleware.go:31	/v1/auth/login	{"status": 401, "method": "POST", "path": "/v1/auth/login", "query": "", "ip": "127.0.0.1", "user-agent": "PostmanRuntime-ApipostRuntime/1.1.0", "errors": "", "cost": "30.288291ms"}
2023-07-22T14:23:19.340+0800	INFO	dao/user.go:32	用户已存在
2023-07-22T14:23:19.341+0800	INFO	controller/user.go:195	用户已存在
2023-07-22T14:23:25.685+0800	INFO	middlewares/middleware.go:31	/v1/auth/login	{"status": 401, "method": "POST", "path": "/v1/auth/login", "query": "", "ip": "127.0.0.1", "user-agent": "PostmanRuntime-ApipostRuntime/1.1.0", "errors": "", "cost": "57.899208ms"}
2023-07-22T14:25:54.290+0800	INFO	dao/user.go:40	用户添加成功
2023-07-22T14:25:54.291+0800	INFO	controller/user.go:195	添加成功
2023-07-22T14:26:01.085+0800	INFO	middlewares/middleware.go:31	/v1/auth/login	{"status": 401, "method": "POST", "path": "/v1/auth/login", "query": "", "ip": "127.0.0.1", "user-agent": "PostmanRuntime-ApipostRuntime/1.1.0", "errors": "", "cost": "33.303292ms"}
2023-07-22T14:27:03.373+0800	INFO	dao/user.go:32	用户已存在
2023-07-22T14:27:03.373+0800	INFO	controller/user.go:195	用户已存在
2023-07-22T14:27:08.143+0800	INFO	middlewares/middleware.go:31	/v1/auth/login	{"status": 401, "method": "POST", "path": "/v1/auth/login", "query": "", "ip": "127.0.0.1", "user-agent": "PostmanRuntime-ApipostRuntime/1.1.0", "errors": "", "cost": "26.263125ms"}
2023-07-22T14:31:44.492+0800	INFO	dao/user.go:40	用户添加成功
2023-07-22T14:31:44.492+0800	INFO	controller/user.go:195	添加成功
2023-07-22T14:31:50.058+0800	INFO	middlewares/middleware.go:31	/v1/auth/login	{"status": 401, "method": "POST", "path": "/v1/auth/login", "query": "", "ip": "127.0.0.1", "user-agent": "PostmanRuntime-ApipostRuntime/1.1.0", "errors": "", "cost": "34.441541ms"}
2023-07-22T14:31:51.145+0800	INFO	middlewares/middleware.go:31	/v1/auth/login	{"status": 401, "method": "POST", "path": "/v1/auth/login", "query": "", "ip": "127.0.0.1", "user-agent": "PostmanRuntime-ApipostRuntime/1.1.0", "errors": "", "cost": "29.052583ms"}
2023-07-22T14:41:07.389+0800	INFO	dao/user.go:32	用户已存在
2023-07-22T14:41:07.389+0800	INFO	controller/user.go:195	用户已存在
2023-07-22T14:41:15.425+0800	ERROR	dao/auth.go:42		{"status": "用户不存在"}
autoops_jenkins/api/dao.GetUserByUsername
	/Users/alinx/Downloads/autoops_jenkins/api/dao/auth.go:42
autoops_jenkins/api/controller.Login
	/Users/alinx/Downloads/autoops_jenkins/api/controller/auth.go:39
github.com/gin-gonic/gin.(*Context).Next
	/Users/alinx/gopath/pkg/mod/github.com/gin-gonic/gin@v1.8.1/context.go:173
autoops_jenkins/middlewares.Cors.func1
	/Users/alinx/Downloads/autoops_jenkins/middlewares/cors.go:27
github.com/gin-gonic/gin.(*Context).Next
	/Users/alinx/gopath/pkg/mod/github.com/gin-gonic/gin@v1.8.1/context.go:173
autoops_jenkins/middlewares.GinRecovery.func1
	/Users/alinx/Downloads/autoops_jenkins/middlewares/middleware.go:89
github.com/gin-gonic/gin.(*Context).Next
	/Users/alinx/gopath/pkg/mod/github.com/gin-gonic/gin@v1.8.1/context.go:173
autoops_jenkins/middlewares.GinLogger.func1
	/Users/alinx/Downloads/autoops_jenkins/middlewares/middleware.go:25
github.com/gin-gonic/gin.(*Context).Next
	/Users/alinx/gopath/pkg/mod/github.com/gin-gonic/gin@v1.8.1/context.go:173
github.com/gin-gonic/gin.CustomRecoveryWithWriter.func1
	/Users/alinx/gopath/pkg/mod/github.com/gin-gonic/gin@v1.8.1/recovery.go:101
github.com/gin-gonic/gin.(*Context).Next
	/Users/alinx/gopath/pkg/mod/github.com/gin-gonic/gin@v1.8.1/context.go:173
github.com/gin-gonic/gin.LoggerWithConfig.func1
	/Users/alinx/gopath/pkg/mod/github.com/gin-gonic/gin@v1.8.1/logger.go:240
github.com/gin-gonic/gin.(*Context).Next
	/Users/alinx/gopath/pkg/mod/github.com/gin-gonic/gin@v1.8.1/context.go:173
github.com/gin-gonic/gin.(*Engine).handleHTTPRequest
	/Users/alinx/gopath/pkg/mod/github.com/gin-gonic/gin@v1.8.1/gin.go:616
github.com/gin-gonic/gin.(*Engine).ServeHTTP
	/Users/alinx/gopath/pkg/mod/github.com/gin-gonic/gin@v1.8.1/gin.go:572
net/http.serverHandler.ServeHTTP
	/usr/local/go/src/net/http/server.go:2936
net/http.(*conn).serve
	/usr/local/go/src/net/http/server.go:1995
2023-07-22T14:41:15.432+0800	INFO	middlewares/middleware.go:31	/v1/auth/login	{"status": 401, "method": "POST", "path": "/v1/auth/login", "query": "", "ip": "127.0.0.1", "user-agent": "PostmanRuntime-ApipostRuntime/1.1.0", "errors": "", "cost": "87.574667ms"}
2023-07-22T14:42:07.351+0800	INFO	dao/user.go:32	用户已存在
2023-07-22T14:42:07.351+0800	INFO	controller/user.go:195	用户已存在
2023-07-22T14:42:11.098+0800	ERROR	dao/auth.go:42		{"status": "用户不存在"}
autoops_jenkins/api/dao.GetUserByUsername
	/Users/alinx/Downloads/autoops_jenkins/api/dao/auth.go:42
autoops_jenkins/api/controller.Login
	/Users/alinx/Downloads/autoops_jenkins/api/controller/auth.go:39
github.com/gin-gonic/gin.(*Context).Next
	/Users/alinx/gopath/pkg/mod/github.com/gin-gonic/gin@v1.8.1/context.go:173
autoops_jenkins/middlewares.Cors.func1
	/Users/alinx/Downloads/autoops_jenkins/middlewares/cors.go:27
github.com/gin-gonic/gin.(*Context).Next
	/Users/alinx/gopath/pkg/mod/github.com/gin-gonic/gin@v1.8.1/context.go:173
autoops_jenkins/middlewares.GinRecovery.func1
	/Users/alinx/Downloads/autoops_jenkins/middlewares/middleware.go:89
github.com/gin-gonic/gin.(*Context).Next
	/Users/alinx/gopath/pkg/mod/github.com/gin-gonic/gin@v1.8.1/context.go:173
autoops_jenkins/middlewares.GinLogger.func1
	/Users/alinx/Downloads/autoops_jenkins/middlewares/middleware.go:25
github.com/gin-gonic/gin.(*Context).Next
	/Users/alinx/gopath/pkg/mod/github.com/gin-gonic/gin@v1.8.1/context.go:173
github.com/gin-gonic/gin.CustomRecoveryWithWriter.func1
	/Users/alinx/gopath/pkg/mod/github.com/gin-gonic/gin@v1.8.1/recovery.go:101
github.com/gin-gonic/gin.(*Context).Next
	/Users/alinx/gopath/pkg/mod/github.com/gin-gonic/gin@v1.8.1/context.go:173
github.com/gin-gonic/gin.LoggerWithConfig.func1
	/Users/alinx/gopath/pkg/mod/github.com/gin-gonic/gin@v1.8.1/logger.go:240
github.com/gin-gonic/gin.(*Context).Next
	/Users/alinx/gopath/pkg/mod/github.com/gin-gonic/gin@v1.8.1/context.go:173
github.com/gin-gonic/gin.(*Engine).handleHTTPRequest
	/Users/alinx/gopath/pkg/mod/github.com/gin-gonic/gin@v1.8.1/gin.go:616
github.com/gin-gonic/gin.(*Engine).ServeHTTP
	/Users/alinx/gopath/pkg/mod/github.com/gin-gonic/gin@v1.8.1/gin.go:572
net/http.serverHandler.ServeHTTP
	/usr/local/go/src/net/http/server.go:2936
net/http.(*conn).serve
	/usr/local/go/src/net/http/server.go:1995
2023-07-22T14:42:11.099+0800	INFO	middlewares/middleware.go:31	/v1/auth/login	{"status": 401, "method": "POST", "path": "/v1/auth/login", "query": "", "ip": "127.0.0.1", "user-agent": "PostmanRuntime-ApipostRuntime/1.1.0", "errors": "", "cost": "84.833041ms"}
2023-07-22T14:51:02.053+0800	INFO	dao/user.go:40	用户添加成功
2023-07-22T14:51:02.054+0800	INFO	controller/user.go:195	添加成功
2023-07-22T14:51:22.295+0800	ERROR	dao/auth.go:41		{"status": "用户不存在"}
autoops_jenkins/api/dao.GetUserByUsername
	/Users/alinx/Downloads/autoops_jenkins/api/dao/auth.go:41
autoops_jenkins/api/controller.Login
	/Users/alinx/Downloads/autoops_jenkins/api/controller/auth.go:39
github.com/gin-gonic/gin.(*Context).Next
	/Users/alinx/gopath/pkg/mod/github.com/gin-gonic/gin@v1.8.1/context.go:173
autoops_jenkins/middlewares.Cors.func1
	/Users/alinx/Downloads/autoops_jenkins/middlewares/cors.go:27
github.com/gin-gonic/gin.(*Context).Next
	/Users/alinx/gopath/pkg/mod/github.com/gin-gonic/gin@v1.8.1/context.go:173
autoops_jenkins/middlewares.GinRecovery.func1
	/Users/alinx/Downloads/autoops_jenkins/middlewares/middleware.go:89
github.com/gin-gonic/gin.(*Context).Next
	/Users/alinx/gopath/pkg/mod/github.com/gin-gonic/gin@v1.8.1/context.go:173
autoops_jenkins/middlewares.GinLogger.func1
	/Users/alinx/Downloads/autoops_jenkins/middlewares/middleware.go:25
github.com/gin-gonic/gin.(*Context).Next
	/Users/alinx/gopath/pkg/mod/github.com/gin-gonic/gin@v1.8.1/context.go:173
github.com/gin-gonic/gin.CustomRecoveryWithWriter.func1
	/Users/alinx/gopath/pkg/mod/github.com/gin-gonic/gin@v1.8.1/recovery.go:101
github.com/gin-gonic/gin.(*Context).Next
	/Users/alinx/gopath/pkg/mod/github.com/gin-gonic/gin@v1.8.1/context.go:173
github.com/gin-gonic/gin.LoggerWithConfig.func1
	/Users/alinx/gopath/pkg/mod/github.com/gin-gonic/gin@v1.8.1/logger.go:240
github.com/gin-gonic/gin.(*Context).Next
	/Users/alinx/gopath/pkg/mod/github.com/gin-gonic/gin@v1.8.1/context.go:173
github.com/gin-gonic/gin.(*Engine).handleHTTPRequest
	/Users/alinx/gopath/pkg/mod/github.com/gin-gonic/gin@v1.8.1/gin.go:616
github.com/gin-gonic/gin.(*Engine).ServeHTTP
	/Users/alinx/gopath/pkg/mod/github.com/gin-gonic/gin@v1.8.1/gin.go:572
net/http.serverHandler.ServeHTTP
	/usr/local/go/src/net/http/server.go:2936
net/http.(*conn).serve
	/usr/local/go/src/net/http/server.go:1995
2023-07-22T14:51:22.297+0800	INFO	middlewares/middleware.go:31	/v1/auth/login	{"status": 401, "method": "POST", "path": "/v1/auth/login", "query": "", "ip": "127.0.0.1", "user-agent": "PostmanRuntime-ApipostRuntime/1.1.0", "errors": "", "cost": "27.9325ms"}
2023-07-22T14:51:23.301+0800	ERROR	dao/auth.go:41		{"status": "用户不存在"}
autoops_jenkins/api/dao.GetUserByUsername
	/Users/alinx/Downloads/autoops_jenkins/api/dao/auth.go:41
autoops_jenkins/api/controller.Login
	/Users/alinx/Downloads/autoops_jenkins/api/controller/auth.go:39
github.com/gin-gonic/gin.(*Context).Next
	/Users/alinx/gopath/pkg/mod/github.com/gin-gonic/gin@v1.8.1/context.go:173
autoops_jenkins/middlewares.Cors.func1
	/Users/alinx/Downloads/autoops_jenkins/middlewares/cors.go:27
github.com/gin-gonic/gin.(*Context).Next
	/Users/alinx/gopath/pkg/mod/github.com/gin-gonic/gin@v1.8.1/context.go:173
autoops_jenkins/middlewares.GinRecovery.func1
	/Users/alinx/Downloads/autoops_jenkins/middlewares/middleware.go:89
github.com/gin-gonic/gin.(*Context).Next
	/Users/alinx/gopath/pkg/mod/github.com/gin-gonic/gin@v1.8.1/context.go:173
autoops_jenkins/middlewares.GinLogger.func1
	/Users/alinx/Downloads/autoops_jenkins/middlewares/middleware.go:25
github.com/gin-gonic/gin.(*Context).Next
	/Users/alinx/gopath/pkg/mod/github.com/gin-gonic/gin@v1.8.1/context.go:173
github.com/gin-gonic/gin.CustomRecoveryWithWriter.func1
	/Users/alinx/gopath/pkg/mod/github.com/gin-gonic/gin@v1.8.1/recovery.go:101
github.com/gin-gonic/gin.(*Context).Next
	/Users/alinx/gopath/pkg/mod/github.com/gin-gonic/gin@v1.8.1/context.go:173
github.com/gin-gonic/gin.LoggerWithConfig.func1
	/Users/alinx/gopath/pkg/mod/github.com/gin-gonic/gin@v1.8.1/logger.go:240
github.com/gin-gonic/gin.(*Context).Next
	/Users/alinx/gopath/pkg/mod/github.com/gin-gonic/gin@v1.8.1/context.go:173
github.com/gin-gonic/gin.(*Engine).handleHTTPRequest
	/Users/alinx/gopath/pkg/mod/github.com/gin-gonic/gin@v1.8.1/gin.go:616
github.com/gin-gonic/gin.(*Engine).ServeHTTP
	/Users/alinx/gopath/pkg/mod/github.com/gin-gonic/gin@v1.8.1/gin.go:572
net/http.serverHandler.ServeHTTP
	/usr/local/go/src/net/http/server.go:2936
net/http.(*conn).serve
	/usr/local/go/src/net/http/server.go:1995
2023-07-22T14:51:23.311+0800	INFO	middlewares/middleware.go:31	/v1/auth/login	{"status": 401, "method": "POST", "path": "/v1/auth/login", "query": "", "ip": "127.0.0.1", "user-agent": "PostmanRuntime-ApipostRuntime/1.1.0", "errors": "", "cost": "46.345208ms"}
2023-07-22T14:51:29.811+0800	ERROR	dao/auth.go:41		{"status": "用户不存在"}
autoops_jenkins/api/dao.GetUserByUsername
	/Users/alinx/Downloads/autoops_jenkins/api/dao/auth.go:41
autoops_jenkins/api/controller.Login
	/Users/alinx/Downloads/autoops_jenkins/api/controller/auth.go:39
github.com/gin-gonic/gin.(*Context).Next
	/Users/alinx/gopath/pkg/mod/github.com/gin-gonic/gin@v1.8.1/context.go:173
autoops_jenkins/middlewares.Cors.func1
	/Users/alinx/Downloads/autoops_jenkins/middlewares/cors.go:27
github.com/gin-gonic/gin.(*Context).Next
	/Users/alinx/gopath/pkg/mod/github.com/gin-gonic/gin@v1.8.1/context.go:173
autoops_jenkins/middlewares.GinRecovery.func1
	/Users/alinx/Downloads/autoops_jenkins/middlewares/middleware.go:89
github.com/gin-gonic/gin.(*Context).Next
	/Users/alinx/gopath/pkg/mod/github.com/gin-gonic/gin@v1.8.1/context.go:173
autoops_jenkins/middlewares.GinLogger.func1
	/Users/alinx/Downloads/autoops_jenkins/middlewares/middleware.go:25
github.com/gin-gonic/gin.(*Context).Next
	/Users/alinx/gopath/pkg/mod/github.com/gin-gonic/gin@v1.8.1/context.go:173
github.com/gin-gonic/gin.CustomRecoveryWithWriter.func1
	/Users/alinx/gopath/pkg/mod/github.com/gin-gonic/gin@v1.8.1/recovery.go:101
github.com/gin-gonic/gin.(*Context).Next
	/Users/alinx/gopath/pkg/mod/github.com/gin-gonic/gin@v1.8.1/context.go:173
github.com/gin-gonic/gin.LoggerWithConfig.func1
	/Users/alinx/gopath/pkg/mod/github.com/gin-gonic/gin@v1.8.1/logger.go:240
github.com/gin-gonic/gin.(*Context).Next
	/Users/alinx/gopath/pkg/mod/github.com/gin-gonic/gin@v1.8.1/context.go:173
github.com/gin-gonic/gin.(*Engine).handleHTTPRequest
	/Users/alinx/gopath/pkg/mod/github.com/gin-gonic/gin@v1.8.1/gin.go:616
github.com/gin-gonic/gin.(*Engine).ServeHTTP
	/Users/alinx/gopath/pkg/mod/github.com/gin-gonic/gin@v1.8.1/gin.go:572
net/http.serverHandler.ServeHTTP
	/usr/local/go/src/net/http/server.go:2936
net/http.(*conn).serve
	/usr/local/go/src/net/http/server.go:1995
2023-07-22T14:51:29.811+0800	INFO	middlewares/middleware.go:31	/v1/auth/login	{"status": 401, "method": "POST", "path": "/v1/auth/login", "query": "", "ip": "127.0.0.1", "user-agent": "PostmanRuntime-ApipostRuntime/1.1.0", "errors": "", "cost": "27.030625ms"}
2023-07-22T14:51:30.820+0800	ERROR	dao/auth.go:41		{"status": "用户不存在"}
autoops_jenkins/api/dao.GetUserByUsername
	/Users/alinx/Downloads/autoops_jenkins/api/dao/auth.go:41
autoops_jenkins/api/controller.Login
	/Users/alinx/Downloads/autoops_jenkins/api/controller/auth.go:39
github.com/gin-gonic/gin.(*Context).Next
	/Users/alinx/gopath/pkg/mod/github.com/gin-gonic/gin@v1.8.1/context.go:173
autoops_jenkins/middlewares.Cors.func1
	/Users/alinx/Downloads/autoops_jenkins/middlewares/cors.go:27
github.com/gin-gonic/gin.(*Context).Next
	/Users/alinx/gopath/pkg/mod/github.com/gin-gonic/gin@v1.8.1/context.go:173
autoops_jenkins/middlewares.GinRecovery.func1
	/Users/alinx/Downloads/autoops_jenkins/middlewares/middleware.go:89
github.com/gin-gonic/gin.(*Context).Next
	/Users/alinx/gopath/pkg/mod/github.com/gin-gonic/gin@v1.8.1/context.go:173
autoops_jenkins/middlewares.GinLogger.func1
	/Users/alinx/Downloads/autoops_jenkins/middlewares/middleware.go:25
github.com/gin-gonic/gin.(*Context).Next
	/Users/alinx/gopath/pkg/mod/github.com/gin-gonic/gin@v1.8.1/context.go:173
github.com/gin-gonic/gin.CustomRecoveryWithWriter.func1
	/Users/alinx/gopath/pkg/mod/github.com/gin-gonic/gin@v1.8.1/recovery.go:101
github.com/gin-gonic/gin.(*Context).Next
	/Users/alinx/gopath/pkg/mod/github.com/gin-gonic/gin@v1.8.1/context.go:173
github.com/gin-gonic/gin.LoggerWithConfig.func1
	/Users/alinx/gopath/pkg/mod/github.com/gin-gonic/gin@v1.8.1/logger.go:240
github.com/gin-gonic/gin.(*Context).Next
	/Users/alinx/gopath/pkg/mod/github.com/gin-gonic/gin@v1.8.1/context.go:173
github.com/gin-gonic/gin.(*Engine).handleHTTPRequest
	/Users/alinx/gopath/pkg/mod/github.com/gin-gonic/gin@v1.8.1/gin.go:616
github.com/gin-gonic/gin.(*Engine).ServeHTTP
	/Users/alinx/gopath/pkg/mod/github.com/gin-gonic/gin@v1.8.1/gin.go:572
net/http.serverHandler.ServeHTTP
	/usr/local/go/src/net/http/server.go:2936
net/http.(*conn).serve
	/usr/local/go/src/net/http/server.go:1995
2023-07-22T14:51:30.820+0800	INFO	middlewares/middleware.go:31	/v1/auth/login	{"status": 401, "method": "POST", "path": "/v1/auth/login", "query": "", "ip": "127.0.0.1", "user-agent": "PostmanRuntime-ApipostRuntime/1.1.0", "errors": "", "cost": "53.900542ms"}
2023-07-22T14:54:25.985+0800	INFO	dao/user.go:32	用户已存在
2023-07-22T14:54:25.985+0800	INFO	controller/user.go:195	用户已存在
2023-07-22T14:54:30.723+0800	INFO	middlewares/middleware.go:31	/v1/auth/login	{"status": 401, "method": "POST", "path": "/v1/auth/login", "query": "", "ip": "127.0.0.1", "user-agent": "PostmanRuntime-ApipostRuntime/1.1.0", "errors": "", "cost": "27.361042ms"}
2023-07-22T14:54:31.745+0800	INFO	middlewares/middleware.go:31	/v1/auth/login	{"status": 401, "method": "POST", "path": "/v1/auth/login", "query": "", "ip": "127.0.0.1", "user-agent": "PostmanRuntime-ApipostRuntime/1.1.0", "errors": "", "cost": "23.341208ms"}
2023-07-22T14:55:45.005+0800	INFO	controller/auth.go:30	login error: 	{"error": "invalid character '\"' after object key:value pair"}
2023-07-22T14:55:45.006+0800	INFO	middlewares/middleware.go:31	/v1/auth/login	{"status": 401, "method": "POST", "path": "/v1/auth/login", "query": "", "ip": "127.0.0.1", "user-agent": "PostmanRuntime-ApipostRuntime/1.1.0", "errors": "", "cost": "1.59825ms"}
2023-07-22T14:55:50.469+0800	INFO	controller/auth.go:30	login error: 	{"error": "invalid character '}' looking for beginning of object key string"}
2023-07-22T14:55:50.469+0800	INFO	middlewares/middleware.go:31	/v1/auth/login	{"status": 401, "method": "POST", "path": "/v1/auth/login", "query": "", "ip": "127.0.0.1", "user-agent": "PostmanRuntime-ApipostRuntime/1.1.0", "errors": "", "cost": "220.541µs"}
2023-07-22T14:56:40.820+0800	INFO	dao/user.go:32	用户已存在
2023-07-22T14:56:40.820+0800	INFO	controller/user.go:195	用户已存在
2023-07-22T14:58:03.903+0800	INFO	dao/user.go:32	用户已存在
2023-07-22T14:58:03.903+0800	INFO	controller/user.go:195	用户已存在
2023-07-22T15:01:30.095+0800	INFO	dao/jenkins_info.go:28	用户添加成功
2023-07-22T15:01:30.099+0800	INFO	controller/jenkins.go:50	添加成功
2023-07-22T15:04:51.345+0800	ERROR	controller/jenkins.go:44		{"status": "地址已存在"}
autoops_jenkins/api/controller.JenkinsAdd
	/Users/alinx/Downloads/autoops_jenkins/api/controller/jenkins.go:44
github.com/gin-gonic/gin.(*Context).Next
	/Users/alinx/gopath/pkg/mod/github.com/gin-gonic/gin@v1.8.1/context.go:173
autoops_jenkins/middlewares.JWTAuth.func1
	/Users/alinx/Downloads/autoops_jenkins/middlewares/jwt.go:88
github.com/gin-gonic/gin.(*Context).Next
	/Users/alinx/gopath/pkg/mod/github.com/gin-gonic/gin@v1.8.1/context.go:173
autoops_jenkins/middlewares.Cors.func1
	/Users/alinx/Downloads/autoops_jenkins/middlewares/cors.go:27
github.com/gin-gonic/gin.(*Context).Next
	/Users/alinx/gopath/pkg/mod/github.com/gin-gonic/gin@v1.8.1/context.go:173
autoops_jenkins/middlewares.GinRecovery.func1
	/Users/alinx/Downloads/autoops_jenkins/middlewares/middleware.go:89
github.com/gin-gonic/gin.(*Context).Next
	/Users/alinx/gopath/pkg/mod/github.com/gin-gonic/gin@v1.8.1/context.go:173
autoops_jenkins/middlewares.GinLogger.func1
	/Users/alinx/Downloads/autoops_jenkins/middlewares/middleware.go:25
github.com/gin-gonic/gin.(*Context).Next
	/Users/alinx/gopath/pkg/mod/github.com/gin-gonic/gin@v1.8.1/context.go:173
github.com/gin-gonic/gin.CustomRecoveryWithWriter.func1
	/Users/alinx/gopath/pkg/mod/github.com/gin-gonic/gin@v1.8.1/recovery.go:101
github.com/gin-gonic/gin.(*Context).Next
	/Users/alinx/gopath/pkg/mod/github.com/gin-gonic/gin@v1.8.1/context.go:173
github.com/gin-gonic/gin.LoggerWithConfig.func1
	/Users/alinx/gopath/pkg/mod/github.com/gin-gonic/gin@v1.8.1/logger.go:240
github.com/gin-gonic/gin.(*Context).Next
	/Users/alinx/gopath/pkg/mod/github.com/gin-gonic/gin@v1.8.1/context.go:173
github.com/gin-gonic/gin.(*Engine).handleHTTPRequest
	/Users/alinx/gopath/pkg/mod/github.com/gin-gonic/gin@v1.8.1/gin.go:616
github.com/gin-gonic/gin.(*Engine).ServeHTTP
	/Users/alinx/gopath/pkg/mod/github.com/gin-gonic/gin@v1.8.1/gin.go:572
net/http.serverHandler.ServeHTTP
	/usr/local/go/src/net/http/server.go:2936
net/http.(*conn).serve
	/usr/local/go/src/net/http/server.go:1995
2023-07-22T15:04:51.360+0800	INFO	middlewares/middleware.go:31	/v1/jenkins/add	{"status": 402, "method": "POST", "path": "/v1/jenkins/add", "query": "", "ip": "127.0.0.1", "user-agent": "PostmanRuntime-ApipostRuntime/1.1.0", "errors": "", "cost": "65.091834ms"}
2023-07-22T15:04:52.593+0800	ERROR	controller/jenkins.go:44		{"status": "地址已存在"}
autoops_jenkins/api/controller.JenkinsAdd
	/Users/alinx/Downloads/autoops_jenkins/api/controller/jenkins.go:44
github.com/gin-gonic/gin.(*Context).Next
	/Users/alinx/gopath/pkg/mod/github.com/gin-gonic/gin@v1.8.1/context.go:173
autoops_jenkins/middlewares.JWTAuth.func1
	/Users/alinx/Downloads/autoops_jenkins/middlewares/jwt.go:88
github.com/gin-gonic/gin.(*Context).Next
	/Users/alinx/gopath/pkg/mod/github.com/gin-gonic/gin@v1.8.1/context.go:173
autoops_jenkins/middlewares.Cors.func1
	/Users/alinx/Downloads/autoops_jenkins/middlewares/cors.go:27
github.com/gin-gonic/gin.(*Context).Next
	/Users/alinx/gopath/pkg/mod/github.com/gin-gonic/gin@v1.8.1/context.go:173
autoops_jenkins/middlewares.GinRecovery.func1
	/Users/alinx/Downloads/autoops_jenkins/middlewares/middleware.go:89
github.com/gin-gonic/gin.(*Context).Next
	/Users/alinx/gopath/pkg/mod/github.com/gin-gonic/gin@v1.8.1/context.go:173
autoops_jenkins/middlewares.GinLogger.func1
	/Users/alinx/Downloads/autoops_jenkins/middlewares/middleware.go:25
github.com/gin-gonic/gin.(*Context).Next
	/Users/alinx/gopath/pkg/mod/github.com/gin-gonic/gin@v1.8.1/context.go:173
github.com/gin-gonic/gin.CustomRecoveryWithWriter.func1
	/Users/alinx/gopath/pkg/mod/github.com/gin-gonic/gin@v1.8.1/recovery.go:101
github.com/gin-gonic/gin.(*Context).Next
	/Users/alinx/gopath/pkg/mod/github.com/gin-gonic/gin@v1.8.1/context.go:173
github.com/gin-gonic/gin.LoggerWithConfig.func1
	/Users/alinx/gopath/pkg/mod/github.com/gin-gonic/gin@v1.8.1/logger.go:240
github.com/gin-gonic/gin.(*Context).Next
	/Users/alinx/gopath/pkg/mod/github.com/gin-gonic/gin@v1.8.1/context.go:173
github.com/gin-gonic/gin.(*Engine).handleHTTPRequest
	/Users/alinx/gopath/pkg/mod/github.com/gin-gonic/gin@v1.8.1/gin.go:616
github.com/gin-gonic/gin.(*Engine).ServeHTTP
	/Users/alinx/gopath/pkg/mod/github.com/gin-gonic/gin@v1.8.1/gin.go:572
net/http.serverHandler.ServeHTTP
	/usr/local/go/src/net/http/server.go:2936
net/http.(*conn).serve
	/usr/local/go/src/net/http/server.go:1995
2023-07-22T15:04:52.599+0800	INFO	middlewares/middleware.go:31	/v1/jenkins/add	{"status": 402, "method": "POST", "path": "/v1/jenkins/add", "query": "", "ip": "127.0.0.1", "user-agent": "PostmanRuntime-ApipostRuntime/1.1.0", "errors": "", "cost": "58.480709ms"}
2023-07-22T15:04:53.603+0800	ERROR	controller/jenkins.go:44		{"status": "地址已存在"}
autoops_jenkins/api/controller.JenkinsAdd
	/Users/alinx/Downloads/autoops_jenkins/api/controller/jenkins.go:44
github.com/gin-gonic/gin.(*Context).Next
	/Users/alinx/gopath/pkg/mod/github.com/gin-gonic/gin@v1.8.1/context.go:173
autoops_jenkins/middlewares.JWTAuth.func1
	/Users/alinx/Downloads/autoops_jenkins/middlewares/jwt.go:88
github.com/gin-gonic/gin.(*Context).Next
	/Users/alinx/gopath/pkg/mod/github.com/gin-gonic/gin@v1.8.1/context.go:173
autoops_jenkins/middlewares.Cors.func1
	/Users/alinx/Downloads/autoops_jenkins/middlewares/cors.go:27
github.com/gin-gonic/gin.(*Context).Next
	/Users/alinx/gopath/pkg/mod/github.com/gin-gonic/gin@v1.8.1/context.go:173
autoops_jenkins/middlewares.GinRecovery.func1
	/Users/alinx/Downloads/autoops_jenkins/middlewares/middleware.go:89
github.com/gin-gonic/gin.(*Context).Next
	/Users/alinx/gopath/pkg/mod/github.com/gin-gonic/gin@v1.8.1/context.go:173
autoops_jenkins/middlewares.GinLogger.func1
	/Users/alinx/Downloads/autoops_jenkins/middlewares/middleware.go:25
github.com/gin-gonic/gin.(*Context).Next
	/Users/alinx/gopath/pkg/mod/github.com/gin-gonic/gin@v1.8.1/context.go:173
github.com/gin-gonic/gin.CustomRecoveryWithWriter.func1
	/Users/alinx/gopath/pkg/mod/github.com/gin-gonic/gin@v1.8.1/recovery.go:101
github.com/gin-gonic/gin.(*Context).Next
	/Users/alinx/gopath/pkg/mod/github.com/gin-gonic/gin@v1.8.1/context.go:173
github.com/gin-gonic/gin.LoggerWithConfig.func1
	/Users/alinx/gopath/pkg/mod/github.com/gin-gonic/gin@v1.8.1/logger.go:240
github.com/gin-gonic/gin.(*Context).Next
	/Users/alinx/gopath/pkg/mod/github.com/gin-gonic/gin@v1.8.1/context.go:173
github.com/gin-gonic/gin.(*Engine).handleHTTPRequest
	/Users/alinx/gopath/pkg/mod/github.com/gin-gonic/gin@v1.8.1/gin.go:616
github.com/gin-gonic/gin.(*Engine).ServeHTTP
	/Users/alinx/gopath/pkg/mod/github.com/gin-gonic/gin@v1.8.1/gin.go:572
net/http.serverHandler.ServeHTTP
	/usr/local/go/src/net/http/server.go:2936
net/http.(*conn).serve
	/usr/local/go/src/net/http/server.go:1995
2023-07-22T15:04:53.604+0800	INFO	middlewares/middleware.go:31	/v1/jenkins/add	{"status": 402, "method": "POST", "path": "/v1/jenkins/add", "query": "", "ip": "127.0.0.1", "user-agent": "PostmanRuntime-ApipostRuntime/1.1.0", "errors": "", "cost": "86.403709ms"}
2023-07-22T15:05:04.671+0800	ERROR	controller/jenkins.go:44		{"status": "地址已存在"}
autoops_jenkins/api/controller.JenkinsAdd
	/Users/alinx/Downloads/autoops_jenkins/api/controller/jenkins.go:44
github.com/gin-gonic/gin.(*Context).Next
	/Users/alinx/gopath/pkg/mod/github.com/gin-gonic/gin@v1.8.1/context.go:173
autoops_jenkins/middlewares.JWTAuth.func1
	/Users/alinx/Downloads/autoops_jenkins/middlewares/jwt.go:88
github.com/gin-gonic/gin.(*Context).Next
	/Users/alinx/gopath/pkg/mod/github.com/gin-gonic/gin@v1.8.1/context.go:173
autoops_jenkins/middlewares.Cors.func1
	/Users/alinx/Downloads/autoops_jenkins/middlewares/cors.go:27
github.com/gin-gonic/gin.(*Context).Next
	/Users/alinx/gopath/pkg/mod/github.com/gin-gonic/gin@v1.8.1/context.go:173
autoops_jenkins/middlewares.GinRecovery.func1
	/Users/alinx/Downloads/autoops_jenkins/middlewares/middleware.go:89
github.com/gin-gonic/gin.(*Context).Next
	/Users/alinx/gopath/pkg/mod/github.com/gin-gonic/gin@v1.8.1/context.go:173
autoops_jenkins/middlewares.GinLogger.func1
	/Users/alinx/Downloads/autoops_jenkins/middlewares/middleware.go:25
github.com/gin-gonic/gin.(*Context).Next
	/Users/alinx/gopath/pkg/mod/github.com/gin-gonic/gin@v1.8.1/context.go:173
github.com/gin-gonic/gin.CustomRecoveryWithWriter.func1
	/Users/alinx/gopath/pkg/mod/github.com/gin-gonic/gin@v1.8.1/recovery.go:101
github.com/gin-gonic/gin.(*Context).Next
	/Users/alinx/gopath/pkg/mod/github.com/gin-gonic/gin@v1.8.1/context.go:173
github.com/gin-gonic/gin.LoggerWithConfig.func1
	/Users/alinx/gopath/pkg/mod/github.com/gin-gonic/gin@v1.8.1/logger.go:240
github.com/gin-gonic/gin.(*Context).Next
	/Users/alinx/gopath/pkg/mod/github.com/gin-gonic/gin@v1.8.1/context.go:173
github.com/gin-gonic/gin.(*Engine).handleHTTPRequest
	/Users/alinx/gopath/pkg/mod/github.com/gin-gonic/gin@v1.8.1/gin.go:616
github.com/gin-gonic/gin.(*Engine).ServeHTTP
	/Users/alinx/gopath/pkg/mod/github.com/gin-gonic/gin@v1.8.1/gin.go:572
net/http.serverHandler.ServeHTTP
	/usr/local/go/src/net/http/server.go:2936
net/http.(*conn).serve
	/usr/local/go/src/net/http/server.go:1995
2023-07-22T15:05:04.679+0800	INFO	middlewares/middleware.go:31	/v1/jenkins/add	{"status": 402, "method": "POST", "path": "/v1/jenkins/add", "query": "", "ip": "127.0.0.1", "user-agent": "PostmanRuntime-ApipostRuntime/1.1.0", "errors": "", "cost": "53.986458ms"}
2023-07-22T15:09:22.149+0800	INFO	dao/user.go:32	用户已存在
2023-07-22T15:09:22.150+0800	INFO	controller/user.go:195	用户已存在
2023-07-22T15:10:47.572+0800	INFO	middlewares/middleware.go:31	/v1/jenkins/get	{"status": 401, "method": "POST", "path": "/v1/jenkins/get", "query": "", "ip": "127.0.0.1", "user-agent": "PostmanRuntime-ApipostRuntime/1.1.0", "errors": "", "cost": "177.458µs"}
2023-07-22T15:11:06.996+0800	INFO	dao/jenkins_info.go:69	查询的jenkins不存在
2023-07-22T15:14:37.685+0800	INFO	dao/user.go:32	用户已存在
2023-07-22T15:14:37.686+0800	INFO	controller/user.go:195	用户已存在
2023-07-22T15:14:42.829+0800	INFO	dao/jenkins_info.go:69	查询的jenkins不存在
2023-07-22T15:16:47.214+0800	INFO	dao/user.go:32	用户已存在
2023-07-22T15:16:47.214+0800	INFO	controller/user.go:195	用户已存在
2023-07-22T15:16:52.136+0800	INFO	dao/jenkins_info.go:70	查询的jenkins不存在
2023-07-22T15:17:53.410+0800	INFO	dao/user.go:32	用户已存在
2023-07-22T15:17:53.411+0800	INFO	controller/user.go:195	用户已存在
2023-07-22T15:17:57.599+0800	INFO	dao/jenkins_info.go:70	查询的jenkins不存在
2023-07-22T15:18:50.891+0800	INFO	dao/jenkins_info.go:70	查询的jenkins不存在
2023-07-22T15:19:31.735+0800	INFO	dao/user.go:32	用户已存在
2023-07-22T15:19:31.735+0800	INFO	controller/user.go:195	用户已存在
2023-07-22T15:19:36.010+0800	INFO	dao/jenkins_info.go:70	查询的jenkins不存在
2023-07-22T15:21:12.327+0800	INFO	dao/jenkins_info.go:70	查询的jenkins不存在
2023-07-22T15:21:13.213+0800	INFO	dao/jenkins_info.go:70	查询的jenkins不存在
2023-07-22T15:21:55.085+0800	INFO	dao/user.go:32	用户已存在
2023-07-22T15:21:55.085+0800	INFO	controller/user.go:195	用户已存在
2023-07-22T15:21:59.282+0800	INFO	dao/jenkins_info.go:70	查询的jenkins不存在
2023-07-22T15:23:50.885+0800	INFO	dao/user.go:32	用户已存在
2023-07-22T15:23:50.885+0800	INFO	controller/user.go:195	用户已存在
2023-07-22T15:23:54.710+0800	INFO	dao/jenkins_info.go:70	查询的jenkins不存在
2023-07-22T15:24:49.781+0800	INFO	dao/user.go:32	用户已存在
2023-07-22T15:24:49.782+0800	INFO	controller/user.go:195	用户已存在
2023-07-22T15:24:55.282+0800	INFO	dao/jenkins_info.go:70	查询的jenkins不存在
2023-07-22T15:28:13.607+0800	INFO	dao/user.go:32	用户已存在
2023-07-22T15:28:13.607+0800	INFO	controller/user.go:195	用户已存在
2023-07-22T15:28:18.538+0800	INFO	dao/jenkins_info.go:69	查询的jenkins不存在
2023-07-22T15:28:19.753+0800	INFO	dao/jenkins_info.go:69	查询的jenkins不存在
2023-07-22T15:28:20.344+0800	INFO	dao/jenkins_info.go:69	查询的jenkins不存在
2023-07-22T15:28:20.815+0800	INFO	dao/jenkins_info.go:69	查询的jenkins不存在
2023-07-22T15:28:21.260+0800	INFO	dao/jenkins_info.go:69	查询的jenkins不存在
2023-07-22T15:28:21.717+0800	INFO	dao/jenkins_info.go:69	查询的jenkins不存在
2023-07-22T15:28:22.189+0800	INFO	dao/jenkins_info.go:69	查询的jenkins不存在
2023-07-22T15:31:31.037+0800	INFO	dao/user.go:32	用户已存在
2023-07-22T15:31:31.037+0800	INFO	controller/user.go:195	用户已存在
2023-07-22T15:31:35.747+0800	INFO	dao/jenkins_info.go:77	查询的用户不存在
2023-07-22T15:31:37.074+0800	INFO	dao/jenkins_info.go:77	查询的用户不存在
2023-07-22T15:37:34.241+0800	INFO	middlewares/middleware.go:31	/v1/jenkins/datele	{"status": 404, "method": "POST", "path": "/v1/jenkins/datele", "query": "", "ip": "127.0.0.1", "user-agent": "PostmanRuntime-ApipostRuntime/1.1.0", "errors": "", "cost": "69.375µs"}
2023-07-22T15:38:49.432+0800	INFO	dao/user.go:32	用户已存在
2023-07-22T15:38:49.433+0800	INFO	controller/user.go:195	用户已存在
2023-07-22T15:38:53.828+0800	INFO	middlewares/middleware.go:31	/v1/jenkins/datele	{"status": 404, "method": "POST", "path": "/v1/jenkins/datele", "query": "", "ip": "127.0.0.1", "user-agent": "PostmanRuntime-ApipostRuntime/1.1.0", "errors": "", "cost": "29.25µs"}
2023-07-22T15:39:32.626+0800	INFO	dao/jenkins_info.go:61	删除成功
2023-07-22T15:39:39.129+0800	INFO	controller/jenkins.go:34	数据格式错误
2023-07-22T15:39:39.129+0800	INFO	middlewares/middleware.go:31	/v1/jenkins/add	{"status": 400, "method": "POST", "path": "/v1/jenkins/add", "query": "", "ip": "127.0.0.1", "user-agent": "PostmanRuntime-ApipostRuntime/1.1.0", "errors": "", "cost": "435.166µs"}
2023-07-22T15:40:13.347+0800	INFO	dao/jenkins_info.go:77	查询的jenkins不存在
2023-07-22T15:40:19.410+0800	INFO	dao/jenkins_info.go:77	查询的jenkins不存在
2023-07-23T00:16:30.093+0800	INFO	middlewares/middleware.go:31	/v1/jenkins/get	{"status": 401, "method": "POST", "path": "/v1/jenkins/get", "query": "", "ip": "127.0.0.1", "user-agent": "PostmanRuntime-ApipostRuntime/1.1.0", "errors": "", "cost": "22.152208ms"}
2023-07-23T00:17:05.604+0800	ERROR	controller/jenkins.go:44		{"status": "查询错误"}
autoops_jenkins/api/controller.JenkinsAdd
	/Users/alinx/Downloads/autoops_jenkins/api/controller/jenkins.go:44
github.com/gin-gonic/gin.(*Context).Next
	/Users/alinx/gopath/pkg/mod/github.com/gin-gonic/gin@v1.8.1/context.go:173
autoops_jenkins/middlewares.JWTAuth.func1
	/Users/alinx/Downloads/autoops_jenkins/middlewares/jwt.go:88
github.com/gin-gonic/gin.(*Context).Next
	/Users/alinx/gopath/pkg/mod/github.com/gin-gonic/gin@v1.8.1/context.go:173
autoops_jenkins/middlewares.Cors.func1
	/Users/alinx/Downloads/autoops_jenkins/middlewares/cors.go:27
github.com/gin-gonic/gin.(*Context).Next
	/Users/alinx/gopath/pkg/mod/github.com/gin-gonic/gin@v1.8.1/context.go:173
autoops_jenkins/middlewares.GinRecovery.func1
	/Users/alinx/Downloads/autoops_jenkins/middlewares/middleware.go:89
github.com/gin-gonic/gin.(*Context).Next
	/Users/alinx/gopath/pkg/mod/github.com/gin-gonic/gin@v1.8.1/context.go:173
autoops_jenkins/middlewares.GinLogger.func1
	/Users/alinx/Downloads/autoops_jenkins/middlewares/middleware.go:25
github.com/gin-gonic/gin.(*Context).Next
	/Users/alinx/gopath/pkg/mod/github.com/gin-gonic/gin@v1.8.1/context.go:173
github.com/gin-gonic/gin.CustomRecoveryWithWriter.func1
	/Users/alinx/gopath/pkg/mod/github.com/gin-gonic/gin@v1.8.1/recovery.go:101
github.com/gin-gonic/gin.(*Context).Next
	/Users/alinx/gopath/pkg/mod/github.com/gin-gonic/gin@v1.8.1/context.go:173
github.com/gin-gonic/gin.LoggerWithConfig.func1
	/Users/alinx/gopath/pkg/mod/github.com/gin-gonic/gin@v1.8.1/logger.go:240
github.com/gin-gonic/gin.(*Context).Next
	/Users/alinx/gopath/pkg/mod/github.com/gin-gonic/gin@v1.8.1/context.go:173
github.com/gin-gonic/gin.(*Engine).handleHTTPRequest
	/Users/alinx/gopath/pkg/mod/github.com/gin-gonic/gin@v1.8.1/gin.go:616
github.com/gin-gonic/gin.(*Engine).ServeHTTP
	/Users/alinx/gopath/pkg/mod/github.com/gin-gonic/gin@v1.8.1/gin.go:572
net/http.serverHandler.ServeHTTP
	/usr/local/go/src/net/http/server.go:2936
net/http.(*conn).serve
	/usr/local/go/src/net/http/server.go:1995
2023-07-23T00:17:05.605+0800	INFO	middlewares/middleware.go:31	/v1/jenkins/add	{"status": 402, "method": "POST", "path": "/v1/jenkins/add", "query": "", "ip": "127.0.0.1", "user-agent": "PostmanRuntime-ApipostRuntime/1.1.0", "errors": "", "cost": "45.646333ms"}
2023-07-23T00:17:10.267+0800	ERROR	controller/jenkins.go:44		{"status": "查询错误"}
autoops_jenkins/api/controller.JenkinsAdd
	/Users/alinx/Downloads/autoops_jenkins/api/controller/jenkins.go:44
github.com/gin-gonic/gin.(*Context).Next
	/Users/alinx/gopath/pkg/mod/github.com/gin-gonic/gin@v1.8.1/context.go:173
autoops_jenkins/middlewares.JWTAuth.func1
	/Users/alinx/Downloads/autoops_jenkins/middlewares/jwt.go:88
github.com/gin-gonic/gin.(*Context).Next
	/Users/alinx/gopath/pkg/mod/github.com/gin-gonic/gin@v1.8.1/context.go:173
autoops_jenkins/middlewares.Cors.func1
	/Users/alinx/Downloads/autoops_jenkins/middlewares/cors.go:27
github.com/gin-gonic/gin.(*Context).Next
	/Users/alinx/gopath/pkg/mod/github.com/gin-gonic/gin@v1.8.1/context.go:173
autoops_jenkins/middlewares.GinRecovery.func1
	/Users/alinx/Downloads/autoops_jenkins/middlewares/middleware.go:89
github.com/gin-gonic/gin.(*Context).Next
	/Users/alinx/gopath/pkg/mod/github.com/gin-gonic/gin@v1.8.1/context.go:173
autoops_jenkins/middlewares.GinLogger.func1
	/Users/alinx/Downloads/autoops_jenkins/middlewares/middleware.go:25
github.com/gin-gonic/gin.(*Context).Next
	/Users/alinx/gopath/pkg/mod/github.com/gin-gonic/gin@v1.8.1/context.go:173
github.com/gin-gonic/gin.CustomRecoveryWithWriter.func1
	/Users/alinx/gopath/pkg/mod/github.com/gin-gonic/gin@v1.8.1/recovery.go:101
github.com/gin-gonic/gin.(*Context).Next
	/Users/alinx/gopath/pkg/mod/github.com/gin-gonic/gin@v1.8.1/context.go:173
github.com/gin-gonic/gin.LoggerWithConfig.func1
	/Users/alinx/gopath/pkg/mod/github.com/gin-gonic/gin@v1.8.1/logger.go:240
github.com/gin-gonic/gin.(*Context).Next
	/Users/alinx/gopath/pkg/mod/github.com/gin-gonic/gin@v1.8.1/context.go:173
github.com/gin-gonic/gin.(*Engine).handleHTTPRequest
	/Users/alinx/gopath/pkg/mod/github.com/gin-gonic/gin@v1.8.1/gin.go:616
github.com/gin-gonic/gin.(*Engine).ServeHTTP
	/Users/alinx/gopath/pkg/mod/github.com/gin-gonic/gin@v1.8.1/gin.go:572
net/http.serverHandler.ServeHTTP
	/usr/local/go/src/net/http/server.go:2936
net/http.(*conn).serve
	/usr/local/go/src/net/http/server.go:1995
2023-07-23T00:17:10.268+0800	INFO	middlewares/middleware.go:31	/v1/jenkins/add	{"status": 402, "method": "POST", "path": "/v1/jenkins/add", "query": "", "ip": "127.0.0.1", "user-agent": "PostmanRuntime-ApipostRuntime/1.1.0", "errors": "", "cost": "30.257083ms"}
2023-07-23T00:17:14.743+0800	INFO	middlewares/middleware.go:31	/v1/jenkins/delete	{"status": 401, "method": "POST", "path": "/v1/jenkins/delete", "query": "", "ip": "127.0.0.1", "user-agent": "PostmanRuntime-ApipostRuntime/1.1.0", "errors": "", "cost": "144.583µs"}
2023-07-23T00:17:19.787+0800	INFO	dao/jenkins_info.go:61	删除成功
2023-07-23T00:17:23.482+0800	ERROR	controller/jenkins.go:44		{"status": "查询错误"}
autoops_jenkins/api/controller.JenkinsAdd
	/Users/alinx/Downloads/autoops_jenkins/api/controller/jenkins.go:44
github.com/gin-gonic/gin.(*Context).Next
	/Users/alinx/gopath/pkg/mod/github.com/gin-gonic/gin@v1.8.1/context.go:173
autoops_jenkins/middlewares.JWTAuth.func1
	/Users/alinx/Downloads/autoops_jenkins/middlewares/jwt.go:88
github.com/gin-gonic/gin.(*Context).Next
	/Users/alinx/gopath/pkg/mod/github.com/gin-gonic/gin@v1.8.1/context.go:173
autoops_jenkins/middlewares.Cors.func1
	/Users/alinx/Downloads/autoops_jenkins/middlewares/cors.go:27
github.com/gin-gonic/gin.(*Context).Next
	/Users/alinx/gopath/pkg/mod/github.com/gin-gonic/gin@v1.8.1/context.go:173
autoops_jenkins/middlewares.GinRecovery.func1
	/Users/alinx/Downloads/autoops_jenkins/middlewares/middleware.go:89
github.com/gin-gonic/gin.(*Context).Next
	/Users/alinx/gopath/pkg/mod/github.com/gin-gonic/gin@v1.8.1/context.go:173
autoops_jenkins/middlewares.GinLogger.func1
	/Users/alinx/Downloads/autoops_jenkins/middlewares/middleware.go:25
github.com/gin-gonic/gin.(*Context).Next
	/Users/alinx/gopath/pkg/mod/github.com/gin-gonic/gin@v1.8.1/context.go:173
github.com/gin-gonic/gin.CustomRecoveryWithWriter.func1
	/Users/alinx/gopath/pkg/mod/github.com/gin-gonic/gin@v1.8.1/recovery.go:101
github.com/gin-gonic/gin.(*Context).Next
	/Users/alinx/gopath/pkg/mod/github.com/gin-gonic/gin@v1.8.1/context.go:173
github.com/gin-gonic/gin.LoggerWithConfig.func1
	/Users/alinx/gopath/pkg/mod/github.com/gin-gonic/gin@v1.8.1/logger.go:240
github.com/gin-gonic/gin.(*Context).Next
	/Users/alinx/gopath/pkg/mod/github.com/gin-gonic/gin@v1.8.1/context.go:173
github.com/gin-gonic/gin.(*Engine).handleHTTPRequest
	/Users/alinx/gopath/pkg/mod/github.com/gin-gonic/gin@v1.8.1/gin.go:616
github.com/gin-gonic/gin.(*Engine).ServeHTTP
	/Users/alinx/gopath/pkg/mod/github.com/gin-gonic/gin@v1.8.1/gin.go:572
net/http.serverHandler.ServeHTTP
	/usr/local/go/src/net/http/server.go:2936
net/http.(*conn).serve
	/usr/local/go/src/net/http/server.go:1995
2023-07-23T00:17:23.483+0800	INFO	middlewares/middleware.go:31	/v1/jenkins/add	{"status": 402, "method": "POST", "path": "/v1/jenkins/add", "query": "", "ip": "127.0.0.1", "user-agent": "PostmanRuntime-ApipostRuntime/1.1.0", "errors": "", "cost": "33.229458ms"}
2023-07-23T00:17:29.621+0800	ERROR	controller/jenkins.go:44		{"status": "查询错误"}
autoops_jenkins/api/controller.JenkinsAdd
	/Users/alinx/Downloads/autoops_jenkins/api/controller/jenkins.go:44
github.com/gin-gonic/gin.(*Context).Next
	/Users/alinx/gopath/pkg/mod/github.com/gin-gonic/gin@v1.8.1/context.go:173
autoops_jenkins/middlewares.JWTAuth.func1
	/Users/alinx/Downloads/autoops_jenkins/middlewares/jwt.go:88
github.com/gin-gonic/gin.(*Context).Next
	/Users/alinx/gopath/pkg/mod/github.com/gin-gonic/gin@v1.8.1/context.go:173
autoops_jenkins/middlewares.Cors.func1
	/Users/alinx/Downloads/autoops_jenkins/middlewares/cors.go:27
github.com/gin-gonic/gin.(*Context).Next
	/Users/alinx/gopath/pkg/mod/github.com/gin-gonic/gin@v1.8.1/context.go:173
autoops_jenkins/middlewares.GinRecovery.func1
	/Users/alinx/Downloads/autoops_jenkins/middlewares/middleware.go:89
github.com/gin-gonic/gin.(*Context).Next
	/Users/alinx/gopath/pkg/mod/github.com/gin-gonic/gin@v1.8.1/context.go:173
autoops_jenkins/middlewares.GinLogger.func1
	/Users/alinx/Downloads/autoops_jenkins/middlewares/middleware.go:25
github.com/gin-gonic/gin.(*Context).Next
	/Users/alinx/gopath/pkg/mod/github.com/gin-gonic/gin@v1.8.1/context.go:173
github.com/gin-gonic/gin.CustomRecoveryWithWriter.func1
	/Users/alinx/gopath/pkg/mod/github.com/gin-gonic/gin@v1.8.1/recovery.go:101
github.com/gin-gonic/gin.(*Context).Next
	/Users/alinx/gopath/pkg/mod/github.com/gin-gonic/gin@v1.8.1/context.go:173
github.com/gin-gonic/gin.LoggerWithConfig.func1
	/Users/alinx/gopath/pkg/mod/github.com/gin-gonic/gin@v1.8.1/logger.go:240
github.com/gin-gonic/gin.(*Context).Next
	/Users/alinx/gopath/pkg/mod/github.com/gin-gonic/gin@v1.8.1/context.go:173
github.com/gin-gonic/gin.(*Engine).handleHTTPRequest
	/Users/alinx/gopath/pkg/mod/github.com/gin-gonic/gin@v1.8.1/gin.go:616
github.com/gin-gonic/gin.(*Engine).ServeHTTP
	/Users/alinx/gopath/pkg/mod/github.com/gin-gonic/gin@v1.8.1/gin.go:572
net/http.serverHandler.ServeHTTP
	/usr/local/go/src/net/http/server.go:2936
net/http.(*conn).serve
	/usr/local/go/src/net/http/server.go:1995
2023-07-23T00:17:29.621+0800	INFO	middlewares/middleware.go:31	/v1/jenkins/add	{"status": 402, "method": "POST", "path": "/v1/jenkins/add", "query": "", "ip": "127.0.0.1", "user-agent": "PostmanRuntime-ApipostRuntime/1.1.0", "errors": "", "cost": "26.108084ms"}
2023-07-23T00:17:41.545+0800	ERROR	controller/jenkins.go:44		{"status": "查询错误"}
autoops_jenkins/api/controller.JenkinsAdd
	/Users/alinx/Downloads/autoops_jenkins/api/controller/jenkins.go:44
github.com/gin-gonic/gin.(*Context).Next
	/Users/alinx/gopath/pkg/mod/github.com/gin-gonic/gin@v1.8.1/context.go:173
autoops_jenkins/middlewares.JWTAuth.func1
	/Users/alinx/Downloads/autoops_jenkins/middlewares/jwt.go:88
github.com/gin-gonic/gin.(*Context).Next
	/Users/alinx/gopath/pkg/mod/github.com/gin-gonic/gin@v1.8.1/context.go:173
autoops_jenkins/middlewares.Cors.func1
	/Users/alinx/Downloads/autoops_jenkins/middlewares/cors.go:27
github.com/gin-gonic/gin.(*Context).Next
	/Users/alinx/gopath/pkg/mod/github.com/gin-gonic/gin@v1.8.1/context.go:173
autoops_jenkins/middlewares.GinRecovery.func1
	/Users/alinx/Downloads/autoops_jenkins/middlewares/middleware.go:89
github.com/gin-gonic/gin.(*Context).Next
	/Users/alinx/gopath/pkg/mod/github.com/gin-gonic/gin@v1.8.1/context.go:173
autoops_jenkins/middlewares.GinLogger.func1
	/Users/alinx/Downloads/autoops_jenkins/middlewares/middleware.go:25
github.com/gin-gonic/gin.(*Context).Next
	/Users/alinx/gopath/pkg/mod/github.com/gin-gonic/gin@v1.8.1/context.go:173
github.com/gin-gonic/gin.CustomRecoveryWithWriter.func1
	/Users/alinx/gopath/pkg/mod/github.com/gin-gonic/gin@v1.8.1/recovery.go:101
github.com/gin-gonic/gin.(*Context).Next
	/Users/alinx/gopath/pkg/mod/github.com/gin-gonic/gin@v1.8.1/context.go:173
github.com/gin-gonic/gin.LoggerWithConfig.func1
	/Users/alinx/gopath/pkg/mod/github.com/gin-gonic/gin@v1.8.1/logger.go:240
github.com/gin-gonic/gin.(*Context).Next
	/Users/alinx/gopath/pkg/mod/github.com/gin-gonic/gin@v1.8.1/context.go:173
github.com/gin-gonic/gin.(*Engine).handleHTTPRequest
	/Users/alinx/gopath/pkg/mod/github.com/gin-gonic/gin@v1.8.1/gin.go:616
github.com/gin-gonic/gin.(*Engine).ServeHTTP
	/Users/alinx/gopath/pkg/mod/github.com/gin-gonic/gin@v1.8.1/gin.go:572
net/http.serverHandler.ServeHTTP
	/usr/local/go/src/net/http/server.go:2936
net/http.(*conn).serve
	/usr/local/go/src/net/http/server.go:1995
2023-07-23T00:17:41.546+0800	INFO	middlewares/middleware.go:31	/v1/jenkins/add	{"status": 402, "method": "POST", "path": "/v1/jenkins/add", "query": "", "ip": "127.0.0.1", "user-agent": "PostmanRuntime-ApipostRuntime/1.1.0", "errors": "", "cost": "47.664ms"}
